2026-06-13 13:08:10,577 - INFO - SWaT cached parquet found: D:\Paper3\datasets\SWaT\extracted\SWaT.A4 & A5_Jul 2019\SWaT_dataset_Jul 19 v2.parquet
2026-06-13 13:08:10,709 - INFO - After chunking large episodes (CHUNK_SIZE=500): 35 episodes (was 13)
2026-06-13 13:08:10,725 - INFO - [stratified] seed=42 n=14996: train=7498(anom_rate=13.2%) | val=1500(anom_rate=13.2%) | cal=2999(anom_rate=13.2%) | test=2999(anom_rate=13.2%)
2026-06-13 13:08:10,725 - INFO - ================================================================================
2026-06-13 13:08:10,725 - INFO - UNCERTAINTY-AWARE SAFETY-PRESERVING FRAMEWORK
2026-06-13 13:08:10,725 - INFO - ================================================================================
2026-06-13 13:08:13,930 - INFO - Framework initialized on cpu
2026-06-13 13:08:13,930 - INFO - Input dim: 43, Embedding dim: 64
2026-06-13 13:08:13,930 - INFO - 
================================================================================
2026-06-13 13:08:13,930 - INFO - TRAINING UNCERTAINTY-AWARE FRAMEWORK
2026-06-13 13:08:13,930 - INFO - ================================================================================
2026-06-13 13:08:16,797 - INFO - Epoch 0/50 - Train: 0.3772, Val: 0.2102
2026-06-13 13:08:31,194 - INFO - Epoch 5/50 - Train: 0.0865, Val: 0.0581
2026-06-13 13:08:45,483 - INFO - Epoch 10/50 - Train: 0.0671, Val: 0.0424
2026-06-13 13:08:59,818 - INFO - Epoch 15/50 - Train: 0.0544, Val: 0.0355
2026-06-13 13:09:14,091 - INFO - Epoch 20/50 - Train: 0.0488, Val: 0.0252
2026-06-13 13:09:28,252 - INFO - Epoch 25/50 - Train: 0.0434, Val: 0.0271
2026-06-13 13:09:42,573 - INFO - Epoch 30/50 - Train: 0.0389, Val: 0.0249
2026-06-13 13:09:45,401 - INFO - Early stopping at epoch 31
2026-06-13 13:09:45,401 - INFO - Framework training completed
2026-06-13 13:09:51,877 - INFO - SWaT cached parquet found: D:\Paper3\datasets\SWaT\extracted\SWaT.A4 & A5_Jul 2019\SWaT_dataset_Jul 19 v2.parquet
2026-06-13 13:09:51,908 - INFO - After chunking large episodes (CHUNK_SIZE=500): 35 episodes (was 13)
2026-06-13 13:09:51,924 - INFO - [stratified] seed=43 n=14996: train=7498(anom_rate=13.2%) | val=1500(anom_rate=13.2%) | cal=2999(anom_rate=13.2%) | test=2999(anom_rate=13.2%)
2026-06-13 13:09:51,939 - INFO - ================================================================================
2026-06-13 13:09:51,939 - INFO - UNCERTAINTY-AWARE SAFETY-PRESERVING FRAMEWORK
2026-06-13 13:09:51,939 - INFO - ================================================================================
2026-06-13 13:09:51,955 - INFO - Framework initialized on cpu
2026-06-13 13:09:51,955 - INFO - Input dim: 43, Embedding dim: 64
2026-06-13 13:09:51,970 - INFO - 
================================================================================
2026-06-13 13:09:51,970 - INFO - TRAINING UNCERTAINTY-AWARE FRAMEWORK
2026-06-13 13:09:51,970 - INFO - ================================================================================
2026-06-13 13:09:54,793 - INFO - Epoch 0/50 - Train: 0.3620, Val: 0.2030
2026-06-13 13:10:09,112 - INFO - Epoch 5/50 - Train: 0.0776, Val: 0.0599
2026-06-13 13:10:23,494 - INFO - Epoch 10/50 - Train: 0.0602, Val: 0.0472
2026-06-13 13:10:37,767 - INFO - Epoch 15/50 - Train: 0.0544, Val: 0.0345
2026-06-13 13:10:52,102 - INFO - Epoch 20/50 - Train: 0.0436, Val: 0.0306
2026-06-13 13:11:06,466 - INFO - Epoch 25/50 - Train: 0.0405, Val: 0.0271
2026-06-13 13:11:20,979 - INFO - Epoch 30/50 - Train: 0.0392, Val: 0.0250
2026-06-13 13:11:35,107 - INFO - Epoch 35/50 - Train: 0.0339, Val: 0.0227
2026-06-13 13:11:48,955 - INFO - Epoch 40/50 - Train: 0.0318, Val: 0.0236
2026-06-13 13:12:03,244 - INFO - Epoch 45/50 - Train: 0.0355, Val: 0.0179
2026-06-13 13:12:14,653 - INFO - Framework training completed
2026-06-13 13:12:20,797 - INFO - SWaT cached parquet found: D:\Paper3\datasets\SWaT\extracted\SWaT.A4 & A5_Jul 2019\SWaT_dataset_Jul 19 v2.parquet
2026-06-13 13:12:20,828 - INFO - After chunking large episodes (CHUNK_SIZE=500): 35 episodes (was 13)
2026-06-13 13:12:20,843 - INFO - [stratified] seed=44 n=14996: train=7498(anom_rate=13.2%) | val=1500(anom_rate=13.2%) | cal=2999(anom_rate=13.2%) | test=2999(anom_rate=13.2%)
2026-06-13 13:12:20,843 - INFO - ================================================================================
2026-06-13 13:12:20,843 - INFO - UNCERTAINTY-AWARE SAFETY-PRESERVING FRAMEWORK
2026-06-13 13:12:20,843 - INFO - ================================================================================
2026-06-13 13:12:20,859 - INFO - Framework initialized on cpu
2026-06-13 13:12:20,859 - INFO - Input dim: 43, Embedding dim: 64
2026-06-13 13:12:20,875 - INFO - 
================================================================================
2026-06-13 13:12:20,875 - INFO - TRAINING UNCERTAINTY-AWARE FRAMEWORK
2026-06-13 13:12:20,875 - INFO - ================================================================================
2026-06-13 13:12:23,830 - INFO - Epoch 0/50 - Train: 0.4134, Val: 0.2295
2026-06-13 13:12:37,931 - INFO - Epoch 5/50 - Train: 0.0844, Val: 0.0623
2026-06-13 13:12:51,753 - INFO - Epoch 10/50 - Train: 0.0659, Val: 0.0467
2026-06-13 13:13:06,098 - INFO - Epoch 15/50 - Train: 0.0526, Val: 0.0389
2026-06-13 13:13:20,465 - INFO - Epoch 20/50 - Train: 0.0475, Val: 0.0273
2026-06-13 13:13:35,003 - INFO - Epoch 25/50 - Train: 0.0400, Val: 0.0288
2026-06-13 13:13:49,386 - INFO - Epoch 30/50 - Train: 0.0378, Val: 0.0199
2026-06-13 13:14:03,735 - INFO - Epoch 35/50 - Train: 0.0347, Val: 0.0247
2026-06-13 13:14:17,899 - INFO - Epoch 40/50 - Train: 0.0335, Val: 0.0205
2026-06-13 13:14:17,899 - INFO - Early stopping at epoch 40
2026-06-13 13:14:17,899 - INFO - Framework training completed
2026-06-13 13:14:24,275 - INFO - SWaT cached parquet found: D:\Paper3\datasets\SWaT\extracted\SWaT.A4 & A5_Jul 2019\SWaT_dataset_Jul 19 v2.parquet
2026-06-13 13:14:24,306 - INFO - After chunking large episodes (CHUNK_SIZE=500): 35 episodes (was 13)
2026-06-13 13:14:24,322 - INFO - [stratified] seed=45 n=14996: train=7498(anom_rate=13.2%) | val=1500(anom_rate=13.2%) | cal=2999(anom_rate=13.2%) | test=2999(anom_rate=13.2%)
2026-06-13 13:14:24,322 - INFO - ================================================================================
2026-06-13 13:14:24,322 - INFO - UNCERTAINTY-AWARE SAFETY-PRESERVING FRAMEWORK
2026-06-13 13:14:24,322 - INFO - ================================================================================
2026-06-13 13:14:24,337 - INFO - Framework initialized on cpu
2026-06-13 13:14:24,337 - INFO - Input dim: 43, Embedding dim: 64
2026-06-13 13:14:24,353 - INFO - 
================================================================================
2026-06-13 13:14:24,353 - INFO - TRAINING UNCERTAINTY-AWARE FRAMEWORK
2026-06-13 13:14:24,353 - INFO - ================================================================================
2026-06-13 13:14:27,221 - INFO - Epoch 0/50 - Train: 0.3888, Val: 0.2068
2026-06-13 13:14:41,541 - INFO - Epoch 5/50 - Train: 0.0891, Val: 0.0491
2026-06-13 13:14:55,843 - INFO - Epoch 10/50 - Train: 0.0673, Val: 0.0340
2026-06-13 13:15:10,273 - INFO - Epoch 15/50 - Train: 0.0594, Val: 0.0280
2026-06-13 13:15:24,843 - INFO - Epoch 20/50 - Train: 0.0491, Val: 0.0280
2026-06-13 13:15:39,083 - INFO - Epoch 25/50 - Train: 0.0432, Val: 0.0182
2026-06-13 13:15:53,169 - INFO - Epoch 30/50 - Train: 0.0425, Val: 0.0171
2026-06-13 13:16:08,286 - INFO - Epoch 35/50 - Train: 0.0359, Val: 0.0142
2026-06-13 13:16:22,293 - INFO - Epoch 40/50 - Train: 0.0356, Val: 0.0168
2026-06-13 13:16:36,707 - INFO - Epoch 45/50 - Train: 0.0317, Val: 0.0143
2026-06-13 13:16:48,114 - INFO - Framework training completed
2026-06-13 13:16:54,409 - INFO - SWaT cached parquet found: D:\Paper3\datasets\SWaT\extracted\SWaT.A4 & A5_Jul 2019\SWaT_dataset_Jul 19 v2.parquet
2026-06-13 13:16:54,456 - INFO - After chunking large episodes (CHUNK_SIZE=500): 35 episodes (was 13)
2026-06-13 13:16:54,472 - INFO - [stratified] seed=46 n=14996: train=7498(anom_rate=13.2%) | val=1500(anom_rate=13.2%) | cal=2999(anom_rate=13.2%) | test=2999(anom_rate=13.2%)
2026-06-13 13:16:54,482 - INFO - ================================================================================
2026-06-13 13:16:54,482 - INFO - UNCERTAINTY-AWARE SAFETY-PRESERVING FRAMEWORK
2026-06-13 13:16:54,482 - INFO - ================================================================================
2026-06-13 13:16:54,497 - INFO - Framework initialized on cpu
2026-06-13 13:16:54,497 - INFO - Input dim: 43, Embedding dim: 64
2026-06-13 13:16:54,504 - INFO - 
================================================================================
2026-06-13 13:16:54,504 - INFO - TRAINING UNCERTAINTY-AWARE FRAMEWORK
2026-06-13 13:16:54,504 - INFO - ================================================================================
2026-06-13 13:16:57,778 - INFO - Epoch 0/50 - Train: 0.4018, Val: 0.2182
2026-06-13 13:17:12,316 - INFO - Epoch 5/50 - Train: 0.0863, Val: 0.0537
2026-06-13 13:17:26,541 - INFO - Epoch 10/50 - Train: 0.0671, Val: 0.0383
2026-06-13 13:17:40,727 - INFO - Epoch 15/50 - Train: 0.0499, Val: 0.0265
2026-06-13 13:17:54,946 - INFO - Epoch 20/50 - Train: 0.0480, Val: 0.0288
2026-06-13 13:18:09,391 - INFO - Epoch 25/50 - Train: 0.0401, Val: 0.0218
2026-06-13 13:18:23,756 - INFO - Epoch 30/50 - Train: 0.0383, Val: 0.0253
2026-06-13 13:18:38,108 - INFO - Epoch 35/50 - Train: 0.0369, Val: 0.0207
2026-06-13 13:18:52,255 - INFO - Epoch 40/50 - Train: 0.0351, Val: 0.0155
2026-06-13 13:19:06,512 - INFO - Epoch 45/50 - Train: 0.0337, Val: 0.0193
2026-06-13 13:19:17,870 - INFO - Framework training completed
2026-06-13 13:19:24,277 - INFO - SWaT cached parquet found: D:\Paper3\datasets\SWaT\extracted\SWaT.A4 & A5_Jul 2019\SWaT_dataset_Jul 19 v2.parquet
2026-06-13 13:19:24,308 - INFO - After chunking large episodes (CHUNK_SIZE=500): 35 episodes (was 13)
2026-06-13 13:19:24,324 - INFO - [stratified] seed=47 n=14996: train=7498(anom_rate=13.2%) | val=1500(anom_rate=13.2%) | cal=2999(anom_rate=13.2%) | test=2999(anom_rate=13.2%)
2026-06-13 13:19:24,340 - INFO - ================================================================================
2026-06-13 13:19:24,340 - INFO - UNCERTAINTY-AWARE SAFETY-PRESERVING FRAMEWORK
2026-06-13 13:19:24,340 - INFO - ================================================================================
2026-06-13 13:19:24,340 - INFO - Framework initialized on cpu
2026-06-13 13:19:24,340 - INFO - Input dim: 43, Embedding dim: 64
2026-06-13 13:19:24,355 - INFO - 
================================================================================
2026-06-13 13:19:24,355 - INFO - TRAINING UNCERTAINTY-AWARE FRAMEWORK
2026-06-13 13:19:24,355 - INFO - ================================================================================
2026-06-13 13:19:27,239 - INFO - Epoch 0/50 - Train: 0.3693, Val: 0.2054
2026-06-13 13:19:41,621 - INFO - Epoch 5/50 - Train: 0.0859, Val: 0.0567
2026-06-13 13:19:55,688 - INFO - Epoch 10/50 - Train: 0.0664, Val: 0.0435
2026-06-13 13:20:09,961 - INFO - Epoch 15/50 - Train: 0.0558, Val: 0.0342
2026-06-13 13:20:24,532 - INFO - Epoch 20/50 - Train: 0.0471, Val: 0.0267
2026-06-13 13:20:38,929 - INFO - Epoch 25/50 - Train: 0.0447, Val: 0.0251
2026-06-13 13:20:53,342 - INFO - Epoch 30/50 - Train: 0.0413, Val: 0.0232
2026-06-13 13:21:07,803 - INFO - Epoch 35/50 - Train: 0.0395, Val: 0.0227
2026-06-13 13:21:21,965 - INFO - Epoch 40/50 - Train: 0.0357, Val: 0.0215
2026-06-13 13:21:36,519 - INFO - Epoch 45/50 - Train: 0.0339, Val: 0.0186
2026-06-13 13:21:47,926 - INFO - Framework training completed
2026-06-13 13:21:54,270 - INFO - SWaT cached parquet found: D:\Paper3\datasets\SWaT\extracted\SWaT.A4 & A5_Jul 2019\SWaT_dataset_Jul 19 v2.parquet
2026-06-13 13:21:54,302 - INFO - After chunking large episodes (CHUNK_SIZE=500): 35 episodes (was 13)
2026-06-13 13:21:54,302 - INFO - [stratified] seed=48 n=14996: train=7498(anom_rate=13.2%) | val=1500(anom_rate=13.2%) | cal=2999(anom_rate=13.2%) | test=2999(anom_rate=13.2%)
2026-06-13 13:21:54,317 - INFO - ================================================================================
2026-06-13 13:21:54,317 - INFO - UNCERTAINTY-AWARE SAFETY-PRESERVING FRAMEWORK
2026-06-13 13:21:54,317 - INFO - ================================================================================
2026-06-13 13:21:54,333 - INFO - Framework initialized on cpu
2026-06-13 13:21:54,333 - INFO - Input dim: 43, Embedding dim: 64
2026-06-13 13:21:54,333 - INFO - 
================================================================================
2026-06-13 13:21:54,333 - INFO - TRAINING UNCERTAINTY-AWARE FRAMEWORK
2026-06-13 13:21:54,333 - INFO - ================================================================================
2026-06-13 13:21:57,310 - INFO - Epoch 0/50 - Train: 0.3767, Val: 0.2067
2026-06-13 13:22:11,785 - INFO - Epoch 5/50 - Train: 0.0847, Val: 0.0607
2026-06-13 13:22:26,309 - INFO - Epoch 10/50 - Train: 0.0655, Val: 0.0460
2026-06-13 13:22:40,613 - INFO - Epoch 15/50 - Train: 0.0543, Val: 0.0430
2026-06-13 13:22:54,712 - INFO - Epoch 20/50 - Train: 0.0432, Val: 0.0359
2026-06-13 13:23:09,580 - INFO - Epoch 25/50 - Train: 0.0468, Val: 0.0296
2026-06-13 13:23:23,915 - INFO - Epoch 30/50 - Train: 0.0351, Val: 0.0255
2026-06-13 13:23:38,109 - INFO - Epoch 35/50 - Train: 0.0331, Val: 0.0251
2026-06-13 13:23:52,399 - INFO - Epoch 40/50 - Train: 0.0324, Val: 0.0237
2026-06-13 13:24:06,810 - INFO - Epoch 45/50 - Train: 0.0294, Val: 0.0271
2026-06-13 13:24:18,435 - INFO - Framework training completed
2026-06-13 13:24:24,842 - INFO - SWaT cached parquet found: D:\Paper3\datasets\SWaT\extracted\SWaT.A4 & A5_Jul 2019\SWaT_dataset_Jul 19 v2.parquet
2026-06-13 13:24:24,874 - INFO - After chunking large episodes (CHUNK_SIZE=500): 35 episodes (was 13)
2026-06-13 13:24:24,874 - INFO - [stratified] seed=49 n=14996: train=7498(anom_rate=13.2%) | val=1500(anom_rate=13.2%) | cal=2999(anom_rate=13.2%) | test=2999(anom_rate=13.2%)
2026-06-13 13:24:24,905 - INFO - ================================================================================
2026-06-13 13:24:24,905 - INFO - UNCERTAINTY-AWARE SAFETY-PRESERVING FRAMEWORK
2026-06-13 13:24:24,905 - INFO - ================================================================================
2026-06-13 13:24:24,920 - INFO - Framework initialized on cpu
2026-06-13 13:24:24,920 - INFO - Input dim: 43, Embedding dim: 64
2026-06-13 13:24:24,936 - INFO - 
================================================================================
2026-06-13 13:24:24,936 - INFO - TRAINING UNCERTAINTY-AWARE FRAMEWORK
2026-06-13 13:24:24,936 - INFO - ================================================================================
2026-06-13 13:24:27,757 - INFO - Epoch 0/50 - Train: 0.4347, Val: 0.2443
2026-06-13 13:24:42,030 - INFO - Epoch 5/50 - Train: 0.0889, Val: 0.0598
2026-06-13 13:24:55,916 - INFO - Epoch 10/50 - Train: 0.0673, Val: 0.0458
2026-06-13 13:25:10,105 - INFO - Epoch 15/50 - Train: 0.0554, Val: 0.0428
2026-06-13 13:25:24,125 - INFO - Epoch 20/50 - Train: 0.0507, Val: 0.0320
2026-06-13 13:25:38,321 - INFO - Epoch 25/50 - Train: 0.0437, Val: 0.0309
2026-06-13 13:25:52,424 - INFO - Epoch 30/50 - Train: 0.0410, Val: 0.0271
2026-06-13 13:26:06,597 - INFO - Epoch 35/50 - Train: 0.0377, Val: 0.0242
2026-06-13 13:26:20,777 - INFO - Epoch 40/50 - Train: 0.0395, Val: 0.0273
2026-06-13 13:26:34,954 - INFO - Epoch 45/50 - Train: 0.0411, Val: 0.0222
2026-06-13 13:26:46,220 - INFO - Framework training completed
2026-06-13 13:26:52,331 - INFO - SWaT cached parquet found: D:\Paper3\datasets\SWaT\extracted\SWaT.A4 & A5_Jul 2019\SWaT_dataset_Jul 19 v2.parquet
2026-06-13 13:26:52,346 - INFO - After chunking large episodes (CHUNK_SIZE=500): 35 episodes (was 13)
2026-06-13 13:26:52,362 - INFO - [stratified] seed=50 n=14996: train=7498(anom_rate=13.2%) | val=1500(anom_rate=13.2%) | cal=2999(anom_rate=13.2%) | test=2999(anom_rate=13.2%)
2026-06-13 13:26:52,362 - INFO - ================================================================================
2026-06-13 13:26:52,362 - INFO - UNCERTAINTY-AWARE SAFETY-PRESERVING FRAMEWORK
2026-06-13 13:26:52,362 - INFO - ================================================================================
2026-06-13 13:26:52,377 - INFO - Framework initialized on cpu
2026-06-13 13:26:52,377 - INFO - Input dim: 43, Embedding dim: 64
2026-06-13 13:26:52,393 - INFO - 
================================================================================
2026-06-13 13:26:52,393 - INFO - TRAINING UNCERTAINTY-AWARE FRAMEWORK
2026-06-13 13:26:52,393 - INFO - ================================================================================
2026-06-13 13:26:55,292 - INFO - Epoch 0/50 - Train: 0.3875, Val: 0.2156
2026-06-13 13:27:09,656 - INFO - Epoch 5/50 - Train: 0.0865, Val: 0.0664
2026-06-13 13:27:23,960 - INFO - Epoch 10/50 - Train: 0.0654, Val: 0.0480
2026-06-13 13:27:38,500 - INFO - Epoch 15/50 - Train: 0.0580, Val: 0.0415
2026-06-13 13:27:52,693 - INFO - Epoch 20/50 - Train: 0.0477, Val: 0.0342
2026-06-13 13:28:11,256 - INFO - Epoch 25/50 - Train: 0.0449, Val: 0.0316
2026-06-13 13:28:36,830 - INFO - Epoch 30/50 - Train: 0.0382, Val: 0.0282
2026-06-13 13:28:56,220 - INFO - Epoch 35/50 - Train: 0.0388, Val: 0.0255
2026-06-13 13:29:15,065 - INFO - Epoch 40/50 - Train: 0.0350, Val: 0.0245
2026-06-13 13:29:32,813 - INFO - Epoch 45/50 - Train: 0.0351, Val: 0.0268
2026-06-13 13:29:43,607 - INFO - Early stopping at epoch 48
2026-06-13 13:29:43,607 - INFO - Framework training completed
2026-06-13 13:29:50,330 - INFO - SWaT cached parquet found: D:\Paper3\datasets\SWaT\extracted\SWaT.A4 & A5_Jul 2019\SWaT_dataset_Jul 19 v2.parquet
2026-06-13 13:29:50,351 - INFO - After chunking large episodes (CHUNK_SIZE=500): 35 episodes (was 13)
2026-06-13 13:29:50,369 - INFO - [stratified] seed=51 n=14996: train=7498(anom_rate=13.2%) | val=1500(anom_rate=13.2%) | cal=2999(anom_rate=13.2%) | test=2999(anom_rate=13.2%)
2026-06-13 13:29:50,385 - INFO - ================================================================================
2026-06-13 13:29:50,385 - INFO - UNCERTAINTY-AWARE SAFETY-PRESERVING FRAMEWORK
2026-06-13 13:29:50,385 - INFO - ================================================================================
2026-06-13 13:29:50,406 - INFO - Framework initialized on cpu
2026-06-13 13:29:50,406 - INFO - Input dim: 43, Embedding dim: 64
2026-06-13 13:29:50,414 - INFO - 
================================================================================
2026-06-13 13:29:50,414 - INFO - TRAINING UNCERTAINTY-AWARE FRAMEWORK
2026-06-13 13:29:50,414 - INFO - ================================================================================
2026-06-13 13:29:54,013 - INFO - Epoch 0/50 - Train: 0.3838, Val: 0.2150
2026-06-13 13:30:11,923 - INFO - Epoch 5/50 - Train: 0.0874, Val: 0.0636
2026-06-13 13:30:30,505 - INFO - Epoch 10/50 - Train: 0.0668, Val: 0.0459
2026-06-13 13:31:04,628 - INFO - Epoch 15/50 - Train: 0.0534, Val: 0.0363
2026-06-13 13:31:24,936 - INFO - Epoch 20/50 - Train: 0.0468, Val: 0.0258
2026-06-13 13:31:43,471 - INFO - Epoch 25/50 - Train: 0.0456, Val: 0.0335
2026-06-13 13:32:00,389 - INFO - Epoch 30/50 - Train: 0.0392, Val: 0.0250
2026-06-13 13:32:16,612 - INFO - Epoch 35/50 - Train: 0.0383, Val: 0.0268
2026-06-13 13:32:30,717 - INFO - Epoch 40/50 - Train: 0.0335, Val: 0.0169
2026-06-13 13:32:45,025 - INFO - Epoch 45/50 - Train: 0.0315, Val: 0.0207
2026-06-13 13:32:56,678 - INFO - Framework training completed

=== SWaT per-attack class-conditional vs pooled (BNN-mean, 10 seeds, target 95%) ===
cal positives/attack (seed42): {'FIT401': 21, 'LIT301': 59, 'MV201_P101': 88, 'MV501': 26, 'P301': 146, 'P601': 56}

          attack  recall_POOLED  recall_CLASSWISE
          FIT401          87.3%             93.7%  <-- was <95%
          LIT301          94.5%             99.1%  <-- was <95%
      MV201_P101          95.2%             98.8%
           MV501          84.8%             98.4%  <-- was <95%
            P301          99.2%             99.5%
            P601          97.0%             99.8%

MIN per-attack recall:  pooled=84.8%   classwise=93.7%
PRESERVE fraction:      pooled=13.0%   classwise=14.0%   (lower => more savings)
END-TO-END SAVINGS:     pooled=87.0% +/-0.2   classwise=86.0% +/-0.5
COST of per-attack protection (savings drop): 1.0 pp

(If classwise stays near pooled preserve-fraction here, per-class protection is
 CHEAP on sparse SWaT -> demonstrates the density-dependent cost claim.)
