2026-06-13 11:23:22,015 - INFO - [stratified] seed=42 n=20000: train=10000(anom_rate=30.4%) | val=2000(anom_rate=30.4%) | cal=4000(anom_rate=30.4%) | test=4000(anom_rate=30.3%)
2026-06-13 11:23:22,015 - INFO - ================================================================================
2026-06-13 11:23:22,031 - INFO - UNCERTAINTY-AWARE SAFETY-PRESERVING FRAMEWORK
2026-06-13 11:23:22,031 - INFO - ================================================================================
2026-06-13 11:23:25,338 - INFO - Framework initialized on cpu
2026-06-13 11:23:25,338 - INFO - Input dim: 52, Embedding dim: 64
2026-06-13 11:23:25,370 - INFO - 
================================================================================
2026-06-13 11:23:25,370 - INFO - TRAINING UNCERTAINTY-AWARE FRAMEWORK
2026-06-13 11:23:25,370 - INFO - ================================================================================
2026-06-13 11:23:29,144 - INFO - Epoch 0/50 - Train: 0.4992, Val: 0.4392
2026-06-13 11:23:48,931 - INFO - Epoch 5/50 - Train: 0.3624, Val: 0.3873
2026-06-13 11:24:08,138 - INFO - Epoch 10/50 - Train: 0.3291, Val: 0.3711
2026-06-13 11:24:27,423 - INFO - Epoch 15/50 - Train: 0.3130, Val: 0.3502
2026-06-13 11:24:46,332 - INFO - Epoch 20/50 - Train: 0.3020, Val: 0.3640
2026-06-13 11:25:05,766 - INFO - Epoch 25/50 - Train: 0.2944, Val: 0.3847
2026-06-13 11:25:24,954 - INFO - Epoch 30/50 - Train: 0.2849, Val: 0.3674
2026-06-13 11:25:44,536 - INFO - Epoch 35/50 - Train: 0.2780, Val: 0.3492
2026-06-13 11:25:55,795 - INFO - Early stopping at epoch 38
2026-06-13 11:25:55,795 - INFO - Framework training completed
2026-06-13 11:33:59,370 - INFO - [stratified] seed=43 n=20000: train=10000(anom_rate=30.7%) | val=2000(anom_rate=30.7%) | cal=4000(anom_rate=30.7%) | test=4000(anom_rate=30.7%)
2026-06-13 11:33:59,370 - INFO - ================================================================================
2026-06-13 11:33:59,370 - INFO - UNCERTAINTY-AWARE SAFETY-PRESERVING FRAMEWORK
2026-06-13 11:33:59,370 - INFO - ================================================================================
2026-06-13 11:33:59,386 - INFO - Framework initialized on cpu
2026-06-13 11:33:59,386 - INFO - Input dim: 52, Embedding dim: 64
2026-06-13 11:33:59,402 - INFO - 
================================================================================
2026-06-13 11:33:59,402 - INFO - TRAINING UNCERTAINTY-AWARE FRAMEWORK
2026-06-13 11:33:59,402 - INFO - ================================================================================
2026-06-13 11:34:03,240 - INFO - Epoch 0/50 - Train: 0.4900, Val: 0.4204
2026-06-13 11:34:21,868 - INFO - Epoch 5/50 - Train: 0.3645, Val: 0.3616
2026-06-13 11:34:40,653 - INFO - Epoch 10/50 - Train: 0.3292, Val: 0.3480
2026-06-13 11:34:59,688 - INFO - Epoch 15/50 - Train: 0.3167, Val: 0.3544
2026-06-13 11:35:18,608 - INFO - Epoch 20/50 - Train: 0.2994, Val: 0.3038
2026-06-13 11:35:37,521 - INFO - Epoch 25/50 - Train: 0.2884, Val: 0.3475
2026-06-13 11:35:56,401 - INFO - Epoch 30/50 - Train: 0.2807, Val: 0.3031
2026-06-13 11:36:15,811 - INFO - Epoch 35/50 - Train: 0.2703, Val: 0.3080
2026-06-13 11:36:28,035 - INFO - Early stopping at epoch 38
2026-06-13 11:36:28,035 - INFO - Framework training completed
2026-06-13 11:44:23,957 - INFO - [stratified] seed=44 n=20000: train=10000(anom_rate=30.5%) | val=2000(anom_rate=30.4%) | cal=4000(anom_rate=30.5%) | test=4000(anom_rate=30.5%)
2026-06-13 11:44:23,972 - INFO - ================================================================================
2026-06-13 11:44:23,988 - INFO - UNCERTAINTY-AWARE SAFETY-PRESERVING FRAMEWORK
2026-06-13 11:44:23,988 - INFO - ================================================================================
2026-06-13 11:44:23,988 - INFO - Framework initialized on cpu
2026-06-13 11:44:23,988 - INFO - Input dim: 52, Embedding dim: 64
2026-06-13 11:44:24,004 - INFO - 
================================================================================
2026-06-13 11:44:24,004 - INFO - TRAINING UNCERTAINTY-AWARE FRAMEWORK
2026-06-13 11:44:24,004 - INFO - ================================================================================
2026-06-13 11:44:27,773 - INFO - Epoch 0/50 - Train: 0.5025, Val: 0.4197
2026-06-13 11:44:47,094 - INFO - Epoch 5/50 - Train: 0.3765, Val: 0.3747
2026-06-13 11:45:21,745 - INFO - Epoch 10/50 - Train: 0.3431, Val: 0.3645
2026-06-13 11:45:59,728 - INFO - Epoch 15/50 - Train: 0.3229, Val: 0.3473
2026-06-13 11:46:34,523 - INFO - Epoch 20/50 - Train: 0.3044, Val: 0.3398
2026-06-13 11:47:14,237 - INFO - Epoch 25/50 - Train: 0.2948, Val: 0.3600
2026-06-13 11:47:27,829 - INFO - Early stopping at epoch 27
2026-06-13 11:47:27,829 - INFO - Framework training completed
2026-06-13 11:55:32,194 - INFO - [stratified] seed=45 n=20000: train=10000(anom_rate=30.2%) | val=2000(anom_rate=30.2%) | cal=4000(anom_rate=30.2%) | test=4000(anom_rate=30.2%)
2026-06-13 11:55:32,197 - INFO - ================================================================================
2026-06-13 11:55:32,197 - INFO - UNCERTAINTY-AWARE SAFETY-PRESERVING FRAMEWORK
2026-06-13 11:55:32,197 - INFO - ================================================================================
2026-06-13 11:55:32,213 - INFO - Framework initialized on cpu
2026-06-13 11:55:32,213 - INFO - Input dim: 52, Embedding dim: 64
2026-06-13 11:55:32,228 - INFO - 
================================================================================
2026-06-13 11:55:32,228 - INFO - TRAINING UNCERTAINTY-AWARE FRAMEWORK
2026-06-13 11:55:32,228 - INFO - ================================================================================
2026-06-13 11:55:36,018 - INFO - Epoch 0/50 - Train: 0.5032, Val: 0.4343
2026-06-13 11:55:55,213 - INFO - Epoch 5/50 - Train: 0.3602, Val: 0.3889
2026-06-13 11:56:14,386 - INFO - Epoch 10/50 - Train: 0.3272, Val: 0.3807
2026-06-13 11:56:33,312 - INFO - Epoch 15/50 - Train: 0.3061, Val: 0.3676
2026-06-13 11:56:52,533 - INFO - Epoch 20/50 - Train: 0.2817, Val: 0.3610
2026-06-13 11:57:11,772 - INFO - Epoch 25/50 - Train: 0.2755, Val: 0.3675
2026-06-13 11:57:15,548 - INFO - Early stopping at epoch 26
2026-06-13 11:57:15,548 - INFO - Framework training completed
2026-06-13 12:05:17,112 - INFO - [stratified] seed=46 n=20000: train=10000(anom_rate=30.5%) | val=2000(anom_rate=30.5%) | cal=4000(anom_rate=30.5%) | test=4000(anom_rate=30.6%)
2026-06-13 12:05:17,112 - INFO - ================================================================================
2026-06-13 12:05:17,112 - INFO - UNCERTAINTY-AWARE SAFETY-PRESERVING FRAMEWORK
2026-06-13 12:05:17,112 - INFO - ================================================================================
2026-06-13 12:05:17,127 - INFO - Framework initialized on cpu
2026-06-13 12:05:17,127 - INFO - Input dim: 52, Embedding dim: 64
2026-06-13 12:05:17,143 - INFO - 
================================================================================
2026-06-13 12:05:17,143 - INFO - TRAINING UNCERTAINTY-AWARE FRAMEWORK
2026-06-13 12:05:17,143 - INFO - ================================================================================
2026-06-13 12:05:20,920 - INFO - Epoch 0/50 - Train: 0.5054, Val: 0.4227
2026-06-13 12:05:45,995 - INFO - Epoch 5/50 - Train: 0.3724, Val: 0.3609
2026-06-13 12:06:11,848 - INFO - Epoch 10/50 - Train: 0.3373, Val: 0.3404
2026-06-13 12:06:35,944 - INFO - Epoch 15/50 - Train: 0.3171, Val: 0.3206
2026-06-13 12:06:59,870 - INFO - Epoch 20/50 - Train: 0.3058, Val: 0.3282
2026-06-13 12:07:23,631 - INFO - Epoch 25/50 - Train: 0.2950, Val: 0.3167
2026-06-13 12:07:47,438 - INFO - Epoch 30/50 - Train: 0.2885, Val: 0.3112
2026-06-13 12:07:56,919 - INFO - Early stopping at epoch 32
2026-06-13 12:07:56,919 - INFO - Framework training completed
2026-06-13 12:18:39,887 - INFO - [stratified] seed=47 n=20000: train=10000(anom_rate=30.5%) | val=2000(anom_rate=30.4%) | cal=4000(anom_rate=30.5%) | test=4000(anom_rate=30.5%)
2026-06-13 12:18:39,905 - INFO - ================================================================================
2026-06-13 12:18:39,905 - INFO - UNCERTAINTY-AWARE SAFETY-PRESERVING FRAMEWORK
2026-06-13 12:18:39,905 - INFO - ================================================================================
2026-06-13 12:18:39,921 - INFO - Framework initialized on cpu
2026-06-13 12:18:39,921 - INFO - Input dim: 52, Embedding dim: 64
2026-06-13 12:18:39,945 - INFO - 
================================================================================
2026-06-13 12:18:39,945 - INFO - TRAINING UNCERTAINTY-AWARE FRAMEWORK
2026-06-13 12:18:39,945 - INFO - ================================================================================
2026-06-13 12:18:47,114 - INFO - Epoch 0/50 - Train: 0.4961, Val: 0.4240
2026-06-13 12:19:13,689 - INFO - Epoch 5/50 - Train: 0.3695, Val: 0.3674
2026-06-13 12:19:40,927 - INFO - Epoch 10/50 - Train: 0.3379, Val: 0.3562
2026-06-13 12:20:04,530 - INFO - Epoch 15/50 - Train: 0.3145, Val: 0.3316
2026-06-13 12:20:28,499 - INFO - Epoch 20/50 - Train: 0.3018, Val: 0.3370
2026-06-13 12:20:53,310 - INFO - Epoch 25/50 - Train: 0.2864, Val: 0.3304
2026-06-13 12:21:16,955 - INFO - Epoch 30/50 - Train: 0.2838, Val: 0.3328
2026-06-13 12:21:42,113 - INFO - Epoch 35/50 - Train: 0.2712, Val: 0.3245
2026-06-13 12:22:07,171 - INFO - Epoch 40/50 - Train: 0.2703, Val: 0.3291
2026-06-13 12:22:32,177 - INFO - Epoch 45/50 - Train: 0.2670, Val: 0.3059
2026-06-13 12:23:01,314 - INFO - Framework training completed
2026-06-13 12:33:37,261 - INFO - [stratified] seed=48 n=20000: train=10000(anom_rate=30.4%) | val=2000(anom_rate=30.4%) | cal=4000(anom_rate=30.4%) | test=4000(anom_rate=30.4%)
2026-06-13 12:33:37,276 - INFO - ================================================================================
2026-06-13 12:33:37,276 - INFO - UNCERTAINTY-AWARE SAFETY-PRESERVING FRAMEWORK
2026-06-13 12:33:37,276 - INFO - ================================================================================
2026-06-13 12:33:37,292 - INFO - Framework initialized on cpu
2026-06-13 12:33:37,292 - INFO - Input dim: 52, Embedding dim: 64
2026-06-13 12:33:37,308 - INFO - 
================================================================================
2026-06-13 12:33:37,308 - INFO - TRAINING UNCERTAINTY-AWARE FRAMEWORK
2026-06-13 12:33:37,308 - INFO - ================================================================================
2026-06-13 12:33:41,240 - INFO - Epoch 0/50 - Train: 0.4913, Val: 0.4364
2026-06-13 12:34:00,322 - INFO - Epoch 5/50 - Train: 0.3603, Val: 0.3862
2026-06-13 12:34:19,105 - INFO - Epoch 10/50 - Train: 0.3332, Val: 0.3858
2026-06-13 12:34:38,534 - INFO - Epoch 15/50 - Train: 0.3176, Val: 0.3736
2026-06-13 12:34:57,271 - INFO - Epoch 20/50 - Train: 0.3013, Val: 0.3564
2026-06-13 12:35:16,429 - INFO - Epoch 25/50 - Train: 0.2890, Val: 0.3703
2026-06-13 12:35:35,213 - INFO - Epoch 30/50 - Train: 0.2824, Val: 0.3651
2026-06-13 12:35:54,047 - INFO - Epoch 35/50 - Train: 0.2761, Val: 0.3586
2026-06-13 12:36:09,509 - INFO - Early stopping at epoch 39
2026-06-13 12:36:09,509 - INFO - Framework training completed
2026-06-13 12:44:11,292 - INFO - [stratified] seed=49 n=20000: train=10000(anom_rate=30.6%) | val=2000(anom_rate=30.6%) | cal=4000(anom_rate=30.6%) | test=4000(anom_rate=30.6%)
2026-06-13 12:44:11,307 - INFO - ================================================================================
2026-06-13 12:44:11,307 - INFO - UNCERTAINTY-AWARE SAFETY-PRESERVING FRAMEWORK
2026-06-13 12:44:11,307 - INFO - ================================================================================
2026-06-13 12:44:11,323 - INFO - Framework initialized on cpu
2026-06-13 12:44:11,323 - INFO - Input dim: 52, Embedding dim: 64
2026-06-13 12:44:11,339 - INFO - 
================================================================================
2026-06-13 12:44:11,339 - INFO - TRAINING UNCERTAINTY-AWARE FRAMEWORK
2026-06-13 12:44:11,339 - INFO - ================================================================================
2026-06-13 12:44:15,354 - INFO - Epoch 0/50 - Train: 0.5006, Val: 0.4240
2026-06-13 12:44:34,479 - INFO - Epoch 5/50 - Train: 0.3593, Val: 0.3567
2026-06-13 12:44:53,717 - INFO - Epoch 10/50 - Train: 0.3296, Val: 0.3482
2026-06-13 12:45:12,784 - INFO - Epoch 15/50 - Train: 0.3140, Val: 0.3540
2026-06-13 12:45:31,787 - INFO - Epoch 20/50 - Train: 0.3003, Val: 0.3366
2026-06-13 12:45:50,812 - INFO - Epoch 25/50 - Train: 0.2886, Val: 0.3345
2026-06-13 12:46:10,126 - INFO - Epoch 30/50 - Train: 0.2792, Val: 0.3293
2026-06-13 12:46:25,339 - INFO - Early stopping at epoch 34
2026-06-13 12:46:25,339 - INFO - Framework training completed
2026-06-13 12:54:26,492 - INFO - [stratified] seed=50 n=20000: train=10000(anom_rate=30.4%) | val=2000(anom_rate=30.4%) | cal=4000(anom_rate=30.4%) | test=4000(anom_rate=30.4%)
2026-06-13 12:54:26,508 - INFO - ================================================================================
2026-06-13 12:54:26,508 - INFO - UNCERTAINTY-AWARE SAFETY-PRESERVING FRAMEWORK
2026-06-13 12:54:26,508 - INFO - ================================================================================
2026-06-13 12:54:26,523 - INFO - Framework initialized on cpu
2026-06-13 12:54:26,523 - INFO - Input dim: 52, Embedding dim: 64
2026-06-13 12:54:26,539 - INFO - 
================================================================================
2026-06-13 12:54:26,539 - INFO - TRAINING UNCERTAINTY-AWARE FRAMEWORK
2026-06-13 12:54:26,539 - INFO - ================================================================================
2026-06-13 12:54:30,414 - INFO - Epoch 0/50 - Train: 0.4946, Val: 0.4250
2026-06-13 12:54:49,397 - INFO - Epoch 5/50 - Train: 0.3745, Val: 0.3805
2026-06-13 12:55:08,464 - INFO - Epoch 10/50 - Train: 0.3420, Val: 0.3710
2026-06-13 12:55:27,630 - INFO - Epoch 15/50 - Train: 0.3180, Val: 0.3537
2026-06-13 12:55:46,879 - INFO - Epoch 20/50 - Train: 0.3034, Val: 0.3485
2026-06-13 12:56:05,600 - INFO - Epoch 25/50 - Train: 0.2905, Val: 0.3326
2026-06-13 12:56:24,290 - INFO - Epoch 30/50 - Train: 0.2809, Val: 0.3370
2026-06-13 12:56:43,325 - INFO - Epoch 35/50 - Train: 0.2783, Val: 0.3212
2026-06-13 12:57:02,360 - INFO - Epoch 40/50 - Train: 0.2732, Val: 0.3338
2026-06-13 12:57:13,891 - INFO - Early stopping at epoch 43
2026-06-13 12:57:13,891 - INFO - Framework training completed
2026-06-13 13:05:15,689 - INFO - [stratified] seed=51 n=20000: train=10000(anom_rate=30.6%) | val=2000(anom_rate=30.6%) | cal=4000(anom_rate=30.6%) | test=4000(anom_rate=30.6%)
2026-06-13 13:05:15,705 - INFO - ================================================================================
2026-06-13 13:05:15,705 - INFO - UNCERTAINTY-AWARE SAFETY-PRESERVING FRAMEWORK
2026-06-13 13:05:15,705 - INFO - ================================================================================
2026-06-13 13:05:15,705 - INFO - Framework initialized on cpu
2026-06-13 13:05:15,721 - INFO - Input dim: 52, Embedding dim: 64
2026-06-13 13:05:15,736 - INFO - 
================================================================================
2026-06-13 13:05:15,736 - INFO - TRAINING UNCERTAINTY-AWARE FRAMEWORK
2026-06-13 13:05:15,736 - INFO - ================================================================================
2026-06-13 13:05:19,527 - INFO - Epoch 0/50 - Train: 0.5099, Val: 0.4323
2026-06-13 13:05:38,329 - INFO - Epoch 5/50 - Train: 0.3773, Val: 0.3893
2026-06-13 13:05:57,520 - INFO - Epoch 10/50 - Train: 0.3457, Val: 0.3672
2026-06-13 13:06:17,041 - INFO - Epoch 15/50 - Train: 0.3247, Val: 0.3611
2026-06-13 13:06:36,625 - INFO - Epoch 20/50 - Train: 0.3077, Val: 0.3576
2026-06-13 13:06:55,479 - INFO - Epoch 25/50 - Train: 0.2981, Val: 0.3528
2026-06-13 13:07:14,773 - INFO - Epoch 30/50 - Train: 0.2911, Val: 0.3306
2026-06-13 13:07:33,541 - INFO - Epoch 35/50 - Train: 0.2784, Val: 0.3527
2026-06-13 13:07:52,701 - INFO - Epoch 40/50 - Train: 0.2732, Val: 0.3573
2026-06-13 13:07:52,701 - INFO - Early stopping at epoch 40
2026-06-13 13:07:52,701 - INFO - Framework training completed

=== Class-conditional vs pooled conformal (BNN-mean, 10 seeds, target 95%) ===
cal positives/class (seed42): {1: 54, 2: 50, 3: 59, 4: 53, 5: 71, 6: 64, 7: 57, 8: 62, 9: 58, 10: 55, 11: 67, 12: 65, 13: 61, 14: 65, 15: 59, 16: 67, 17: 73, 18: 61, 19: 63, 20: 51}

 fault  recall_POOLED  recall_CLASSWISE
     1         100.0%            100.0%
     2          99.6%            100.0%
     3          77.4%             96.9%  <-- was <95%
     4         100.0%            100.0%
     5         100.0%            100.0%
     6         100.0%            100.0%
     7         100.0%            100.0%
     8          99.0%             99.8%
     9          74.1%             95.4%  <-- was <95%
    10          96.3%             99.4%
    11          95.8%             99.5%
    12         100.0%            100.0%
    13          98.1%             99.7%
    14         100.0%            100.0%
    15          77.0%             96.4%  <-- was <95%
    16          97.6%            100.0%
    17          98.6%             99.8%
    18          97.5%             99.6%
    19          94.8%             99.8%  <-- was <95%
    20          95.3%             99.8%

MIN per-class recall:  pooled=74.1%   classwise=95.4%
AGG fault recall:      pooled=95.0%   classwise=99.3%
PRESERVE fraction:     pooled=79.0%   classwise=96.7%   (lower => more savings)
END-TO-END SAVINGS:    pooled=21.1% +/-2.1   classwise=3.3% +/-1.0   (strict-floor operating point; classwise costs savings for per-class protection)
MIN per-class recall stdev across seeds: pooled +/-5.6  classwise +/-3.6
